e:\work\star\other-platform-demos\windows-demo\starrtcdemo\starrtcdemo\release\starrtcdemo.pch
e:\work\star\other-platform-demos\windows-demo\starrtcdemo\starrtcdemo\release\vc141.pdb
e:\work\star\other-platform-demos\windows-demo\starrtcdemo\starrtcdemo\release\stdafx.obj
e:\work\star\other-platform-demos\windows-demo\starrtcdemo\starrtcdemo\release\cliveuserinfo.obj
e:\work\star\other-platform-demos\windows-demo\starrtcdemo\starrtcdemo\release\cliveprogram.obj
e:\work\star\other-platform-demos\windows-demo\starrtcdemo\starrtcdemo\release\clivemanager.obj
e:\work\star\other-platform-demos\windows-demo\starrtcdemo\starrtcdemo\release\cinteractelivedlg.obj
e:\work\star\other-platform-demos\windows-demo\starrtcdemo\starrtcdemo\release\cimonetoonedialog.obj
e:\work\star\other-platform-demos\windows-demo\starrtcdemo\starrtcdemo\release\cimdialog.obj
e:\work\star\other-platform-demos\windows-demo\starrtcdemo\starrtcdemo\release\chistorybean.obj
e:\work\star\other-platform-demos\windows-demo\starrtcdemo\starrtcdemo\release\cgroupmanager.obj
e:\work\star\other-platform-demos\windows-demo\starrtcdemo\starrtcdemo\release\cgroupdialog.obj
e:\work\star\other-platform-demos\windows-demo\starrtcdemo\starrtcdemo\release\cfacefeatureregisterdlg.obj
e:\work\star\other-platform-demos\windows-demo\starrtcdemo\starrtcdemo\release\cdatashowview.obj
e:\work\star\other-platform-demos\windows-demo\starrtcdemo\starrtcdemo\release\cdatacontrol.obj
e:\work\star\other-platform-demos\windows-demo\starrtcdemo\starrtcdemo\release\ccreatenewgroupdlg.obj
e:\work\star\other-platform-demos\windows-demo\starrtcdemo\starrtcdemo\release\ccreatenewchatroomdlg.obj
e:\work\star\other-platform-demos\windows-demo\starrtcdemo\starrtcdemo\release\ccreatenewchatonetoone.obj
e:\work\star\other-platform-demos\windows-demo\starrtcdemo\starrtcdemo\release\ccreatelivedialog.obj
e:\work\star\other-platform-demos\windows-demo\starrtcdemo\starrtcdemo\release\ccodecmanager.obj
e:\work\star\other-platform-demos\windows-demo\starrtcdemo\starrtcdemo\release\cchatroommanager.obj
e:\work\star\other-platform-demos\windows-demo\starrtcdemo\starrtcdemo\release\cchatroomdlg.obj
e:\work\star\other-platform-demos\windows-demo\starrtcdemo\starrtcdemo\release\cchatmanager.obj
e:\work\star\other-platform-demos\windows-demo\starrtcdemo\starrtcdemo\release\cvoipmanager.obj
e:\work\star\other-platform-demos\windows-demo\starrtcdemo\starrtcdemo\release\cvoipdlg.obj
e:\work\star\other-platform-demos\windows-demo\starrtcdemo\starrtcdemo\release\cvoipdatashowview.obj
e:\work\star\other-platform-demos\windows-demo\starrtcdemo\starrtcdemo\release\cvdnmanager.obj
e:\work\star\other-platform-demos\windows-demo\starrtcdemo\starrtcdemo\release\cutil.obj
e:\work\star\other-platform-demos\windows-demo\starrtcdemo\starrtcdemo\release\cstarrtcmenudialog.obj
e:\work\star\other-platform-demos\windows-demo\starrtcdemo\starrtcdemo\release\csrcmanager.obj
e:\work\star\other-platform-demos\windows-demo\starrtcdemo\starrtcdemo\release\csqlitedb.obj
e:\work\star\other-platform-demos\windows-demo\starrtcdemo\starrtcdemo\release\cshowlivedlg.obj
e:\work\star\other-platform-demos\windows-demo\starrtcdemo\starrtcdemo\release\cshowlivecontrol.obj
e:\work\star\other-platform-demos\windows-demo\starrtcdemo\starrtcdemo\release\cseviceparamdialog.obj
e:\work\star\other-platform-demos\windows-demo\starrtcdemo\starrtcdemo\release\csettingdialog.obj
e:\work\star\other-platform-demos\windows-demo\starrtcdemo\starrtcdemo\release\cselectshowwnddlg.obj
e:\work\star\other-platform-demos\windows-demo\starrtcdemo\starrtcdemo\release\cprocessinfo.obj
e:\work\star\other-platform-demos\windows-demo\starrtcdemo\starrtcdemo\release\cpiccontrol.obj
e:\work\star\other-platform-demos\windows-demo\starrtcdemo\starrtcdemo\release\cnewdlg.obj
e:\work\star\other-platform-demos\windows-demo\starrtcdemo\starrtcdemo\release\cmultiplemeetingdialog.obj
e:\work\star\other-platform-demos\windows-demo\starrtcdemo\starrtcdemo\release\cmessagebean.obj
e:\work\star\other-platform-demos\windows-demo\starrtcdemo\starrtcdemo\release\cmeetingmanager.obj
e:\work\star\other-platform-demos\windows-demo\starrtcdemo\starrtcdemo\release\clogin.obj
e:\work\star\other-platform-demos\windows-demo\starrtcdemo\starrtcdemo\release\starrtcdemodlg.obj
e:\work\star\other-platform-demos\windows-demo\starrtcdemo\starrtcdemo\release\starrtcdemo.obj
e:\work\star\other-platform-demos\windows-demo\starrtcdemo\starrtcdemo\release\starimmessagebuilder.obj
e:\work\star\other-platform-demos\windows-demo\starrtcdemo\starrtcdemo\release\iliveinterface.obj
e:\work\star\other-platform-demos\windows-demo\starrtcdemo\starrtcdemo\release\httpclient.obj
e:\work\star\other-platform-demos\windows-demo\starrtcdemo\starrtcdemo\release\cvvimage.obj
e:\work\star\other-platform-demos\windows-demo\release\starrtc-demo\starrtcdemo.exe
e:\work\star\other-platform-demos\windows-demo\release\starrtc-demo\starrtcdemo.pdb
e:\work\star\other-platform-demos\windows-demo\starrtcdemo\starrtcdemo\release\starrtcdemo.res
e:\work\star\other-platform-demos\windows-demo\release\starrtc-demo\starrtcdemo.lib
e:\work\star\other-platform-demos\windows-demo\release\starrtc-demo\starrtcdemo.exp
e:\work\star\other-platform-demos\windows-demo\release\starrtc-demo\starrtcdemo.ipdb
e:\work\star\other-platform-demos\windows-demo\release\starrtc-demo\starrtcdemo.iobj
e:\work\star\other-platform-demos\windows-demo\starrtcdemo\starrtcdemo\..\..\release\starrtc-demo\starrtcdemo.exe
e:\work\star\other-platform-demos\windows-demo\starrtcdemo\starrtcdemo\release\starrtcdemo.tlog\cl.command.1.tlog
e:\work\star\other-platform-demos\windows-demo\starrtcdemo\starrtcdemo\release\starrtcdemo.tlog\cl.read.1.tlog
e:\work\star\other-platform-demos\windows-demo\starrtcdemo\starrtcdemo\release\starrtcdemo.tlog\cl.write.1.tlog
e:\work\star\other-platform-demos\windows-demo\starrtcdemo\starrtcdemo\release\starrtcdemo.tlog\link.command.1.tlog
e:\work\star\other-platform-demos\windows-demo\starrtcdemo\starrtcdemo\release\starrtcdemo.tlog\link.read.1.tlog
e:\work\star\other-platform-demos\windows-demo\starrtcdemo\starrtcdemo\release\starrtcdemo.tlog\link.write.1.tlog
e:\work\star\other-platform-demos\windows-demo\starrtcdemo\starrtcdemo\release\starrtcdemo.tlog\rc.command.1.tlog
e:\work\star\other-platform-demos\windows-demo\starrtcdemo\starrtcdemo\release\starrtcdemo.tlog\rc.read.1.tlog
e:\work\star\other-platform-demos\windows-demo\starrtcdemo\starrtcdemo\release\starrtcdemo.tlog\rc.write.1.tlog
e:\work\star\other-platform-demos\windows-demo\starrtcdemo\starrtcdemo\release\starrtcdemo.tlog\starrtcdemo.write.1u.tlog
